<?xml version="1.0" encoding="utf-8"?><testsuites name="pytest tests"><testsuite name="pytest" errors="0" failures="0" skipped="0" tests="34" time="7.785" timestamp="2026-08-31T11:32:50.347831+00:00" hostname="agent-env-b9c05835-8b15-40bc-b80b-4c0598477574"><testcase classname="tests.backend_test.TestSeed" name="test_users_requires_auth" time="0.405" /><testcase classname="tests.backend_test.TestAuth" name="test_login_success" time="0.399" /><testcase classname="tests.backend_test.TestAuth" name="test_login_wrong_email" time="0.058" /><testcase classname="tests.backend_test.TestAuth" name="test_login_wrong_password" time="0.515" /><testcase classname="tests.backend_test.TestAuth" name="test_me_without_token" time="0.252" /><testcase classname="tests.backend_test.TestSeed" name="test_users_seeded" time="2.731" /><testcase classname="tests.backend_test.TestSeed" name="test_programs_seeded" time="0.300" /><testcase classname="tests.backend_test.TestSeed" name="test_finances_seeded" time="0.337" /><testcase classname="tests.backend_test.TestAuth" name="test_me_with_token" time="2.606" /><testcase classname="tests.backend_test.TestSeed" name="test_documents_seeded" time="0.117" /><testcase classname="tests.backend_test.TestAuth" name="test_me_invalid_token" time="0.131" /><testcase classname="tests.backend_test.TestSeed" name="test_agenda_seeded" time="0.114" /><testcase classname="tests.backend_test.TestRBAC" name="test_anggota_cannot_create_program" time="0.123" /><testcase classname="tests.backend_test.TestProgramCRUD" name="test_kabid_create_and_ketua_approve_and_delete" time="0.968" /><testcase classname="tests.backend_test.TestRBAC" name="test_bendahara_cannot_create_program" time="0.138" /><testcase classname="tests.backend_test.TestRBAC" name="test_anggota_cannot_create_finance" time="0.110" /><testcase classname="tests.backend_test.TestRBAC" name="test_anggota_cannot_create_document" time="0.183" /><testcase classname="tests.backend_test.TestRBAC" name="test_anggota_cannot_create_user" time="0.111" /><testcase classname="tests.backend_test.TestRBAC" name="test_kabid_cannot_set_program_status" time="0.267" /><testcase classname="tests.backend_test.TestHealth" name="test_root" time="0.108" /><testcase classname="tests.backend_test.TestProgramCRUD" name="test_status_404_on_unknown_program" time="0.178" /><testcase classname="tests.backend_test.TestHealth" name="test_meta_bidangs" time="0.063" /><testcase classname="tests.backend_test.TestFilters" name="test_programs_filter_bidang" time="0.163" /><testcase classname="tests.backend_test.TestProgramCRUD" name="test_invalid_bidang_or_status_validation" time="0.098" /><testcase classname="tests.backend_test.TestFilters" name="test_documents_filter_type" time="0.110" /><testcase classname="tests.backend_test.TestDashboard" name="test_overview" time="0.169" /><testcase classname="tests.backend_test.TestFinanceCRUD" name="test_bendahara_create_delete" time="0.752" /><testcase classname="tests.backend_test.TestDashboard" name="test_finance_summary" time="0.126" /><testcase classname="tests.backend_test.TestAgendaCRUD" name="test_sekretaris_create_delete" time="0.401" /><testcase classname="tests.backend_test.TestAgendaCRUD" name="test_anggota_cannot_create_agenda" time="0.100" /><testcase classname="tests.backend_test.TestDocumentCRUD" name="test_sekretaris_create_delete" time="0.679" /><testcase classname="tests.backend_test.TestFinanceCRUD" name="test_invalid_type" time="0.146" /><testcase classname="tests.backend_test.TestUserCRUD" name="test_create_update_delete_user" time="0.867" /><testcase classname="tests.backend_test.TestUserCRUD" name="test_patch_unknown_user_404" time="0.123" /></testsuite></testsuites>